2025-11-03 15:30:21 - profin - INFO - Conectando ao banco: postgresql+psycopg2://postgres:****@localhost:5432/profin_db
2025-11-03 15:31:24 - profin - INFO - Conectando ao banco: postgresql+psycopg2://postgres:****@localhost:5432/profin_db
2025-11-03 15:39:42 - profin - INFO - Conectando ao banco: postgresql+psycopg2://postgres:****@localhost:5432/profin_db
2025-11-03 15:39:48 - profin - INFO - Conectando ao banco: postgresql+psycopg2://postgres:****@localhost:5432/profin_db
2025-11-03 15:39:55 - profin - INFO - Conectando ao banco: postgresql+psycopg2://postgres:****@localhost:5432/profin_db
2025-11-03 15:39:56 - profin - INFO - Conectando ao banco: postgresql+psycopg2://postgres:****@localhost:5432/profin_db
2025-11-03 15:39:57 - profin - INFO - Conectando ao banco: postgresql+psycopg2://postgres:****@localhost:5432/profin_db
2025-11-03 15:39:59 - profin - INFO - Conectando ao banco: postgresql+psycopg2://postgres:****@localhost:5432/profin_db
2025-11-03 15:40:00 - profin - INFO - Conectando ao banco: postgresql+psycopg2://postgres:****@localhost:5432/profin_db
2025-11-03 15:40:06 - profin - INFO - Conectando ao banco: postgresql+psycopg2://postgres:****@localhost:5432/profin_db
2025-11-03 15:40:24 - profin - INFO - Conectando ao banco: postgresql+psycopg2://postgres:****@localhost:5432/profin_db
2025-11-03 15:46:45 - profin - INFO - Conectando ao banco: postgresql+psycopg2://postgres:****@localhost:5432/profin_db
2025-11-03 15:47:10 - profin - INFO - Conectando ao banco: postgresql+psycopg2://postgres:****@localhost:5432/profin_db
2025-11-03 15:47:30 - profin - INFO - Conectando ao banco: postgresql+psycopg2://postgres:****@localhost:5432/profin_db
2025-11-03 15:47:32 - profin - INFO - Conectando ao banco: postgresql+psycopg2://postgres:****@localhost:5432/profin_db
2025-11-03 15:47:34 - profin - INFO - Conectando ao banco: postgresql+psycopg2://postgres:****@localhost:5432/profin_db
2025-11-03 15:48:05 - profin - INFO - Conectando ao banco: postgresql+psycopg2://postgres:****@localhost:5432/profin_db
2025-11-03 15:48:06 - profin - INFO - Conectando ao banco: postgresql+psycopg2://postgres:****@localhost:5432/profin_db
2025-11-03 15:48:07 - profin - INFO - Conectando ao banco: postgresql+psycopg2://postgres:****@localhost:5432/profin_db
2025-11-03 15:48:08 - profin - INFO - Conectando ao banco: postgresql+psycopg2://postgres:****@localhost:5432/profin_db
2025-11-03 15:48:11 - profin - INFO - Conectando ao banco: postgresql+psycopg2://postgres:****@localhost:5432/profin_db
2025-11-03 15:48:16 - profin - INFO - Conectando ao banco: postgresql+psycopg2://postgres:****@localhost:5432/profin_db
2025-11-03 15:48:28 - profin - INFO - Conectando ao banco: postgresql+psycopg2://postgres:****@localhost:5432/profin_db
2025-11-03 15:48:29 - profin - INFO - Conectando ao banco: postgresql+psycopg2://postgres:****@localhost:5432/profin_db
2025-11-03 15:48:30 - profin - INFO - Conectando ao banco: postgresql+psycopg2://postgres:****@localhost:5432/profin_db
2025-11-03 15:48:37 - profin - INFO - Conectando ao banco: postgresql+psycopg2://postgres:****@localhost:5432/profin_db
2025-11-03 15:48:44 - profin - INFO - Conectando ao banco: postgresql+psycopg2://postgres:****@localhost:5432/profin_db
2025-11-03 15:48:45 - profin - INFO - Conectando ao banco: postgresql+psycopg2://postgres:****@localhost:5432/profin_db
2025-11-03 15:48:47 - profin - INFO - Conectando ao banco: postgresql+psycopg2://postgres:****@localhost:5432/profin_db
2025-11-03 15:48:48 - profin - INFO - Conectando ao banco: postgresql+psycopg2://postgres:****@localhost:5432/profin_db
2025-11-03 15:48:49 - profin - INFO - Conectando ao banco: postgresql+psycopg2://postgres:****@localhost:5432/profin_db
2025-11-03 15:48:53 - profin - INFO - Conectando ao banco: postgresql+psycopg2://postgres:****@localhost:5432/profin_db
2025-11-03 15:49:16 - profin - INFO - Conectando ao banco: postgresql+psycopg2://postgres:****@localhost:5432/profin_db
2025-11-03 15:55:06 - profin - INFO - Conectando ao banco: postgresql+psycopg2://postgres:****@localhost:5432/profin_db
2025-11-03 15:55:12 - profin - INFO - Conectando ao banco: postgresql+psycopg2://postgres:****@localhost:5432/profin_db
2025-11-03 15:55:14 - profin - INFO - Conectando ao banco: postgresql+psycopg2://postgres:****@localhost:5432/profin_db
2025-11-03 15:55:24 - profin - INFO - Conectando ao banco: postgresql+psycopg2://postgres:****@localhost:5432/profin_db
2025-11-03 15:55:27 - profin - INFO - Conectando ao banco: postgresql+psycopg2://postgres:****@localhost:5432/profin_db
2025-11-03 15:55:29 - profin - INFO - Conectando ao banco: postgresql+psycopg2://postgres:****@localhost:5432/profin_db
2025-11-03 15:55:37 - profin - INFO - Conectando ao banco: postgresql+psycopg2://postgres:****@localhost:5432/profin_db
2025-11-03 15:55:49 - profin - INFO - Conectando ao banco: postgresql+psycopg2://postgres:****@localhost:5432/profin_db
2025-11-03 15:55:51 - profin - INFO - Conectando ao banco: postgresql+psycopg2://postgres:****@localhost:5432/profin_db
2025-11-03 15:55:58 - profin - INFO - Conectando ao banco: postgresql+psycopg2://postgres:****@localhost:5432/profin_db
2025-11-03 15:56:03 - profin - INFO - Conectando ao banco: postgresql+psycopg2://postgres:****@localhost:5432/profin_db
2025-11-03 15:56:15 - profin - INFO - Conectando ao banco: postgresql+psycopg2://postgres:****@localhost:5432/profin_db
2025-11-03 15:56:17 - profin - INFO - Conectando ao banco: postgresql+psycopg2://postgres:****@localhost:5432/profin_db
2025-11-03 15:56:22 - profin - INFO - Conectando ao banco: postgresql+psycopg2://postgres:****@localhost:5432/profin_db
2025-11-03 15:56:24 - profin - INFO - Conectando ao banco: postgresql+psycopg2://postgres:****@localhost:5432/profin_db
2025-11-03 15:56:28 - profin - INFO - Conectando ao banco: postgresql+psycopg2://postgres:****@localhost:5432/profin_db
2025-11-03 15:56:32 - profin - INFO - Conectando ao banco: postgresql+psycopg2://postgres:****@localhost:5432/profin_db
2025-11-03 15:56:41 - profin - INFO - Conectando ao banco: postgresql+psycopg2://postgres:****@localhost:5432/profin_db
2025-11-03 15:56:48 - profin - INFO - Conectando ao banco: postgresql+psycopg2://postgres:****@localhost:5432/profin_db
2025-11-03 15:56:53 - profin - INFO - Conectando ao banco: postgresql+psycopg2://postgres:****@localhost:5432/profin_db
2025-11-03 15:56:54 - profin - INFO - Conectando ao banco: postgresql+psycopg2://postgres:****@localhost:5432/profin_db
2025-11-03 15:56:57 - profin - INFO - Conectando ao banco: postgresql+psycopg2://postgres:****@localhost:5432/profin_db
2025-11-03 15:57:00 - profin - INFO - Conectando ao banco: postgresql+psycopg2://postgres:****@localhost:5432/profin_db
2025-11-03 15:57:05 - profin - INFO - Conectando ao banco: postgresql+psycopg2://postgres:****@localhost:5432/profin_db
2025-11-03 15:57:06 - profin - INFO - Conectando ao banco: postgresql+psycopg2://postgres:****@localhost:5432/profin_db
2025-11-03 15:57:08 - profin - INFO - Conectando ao banco: postgresql+psycopg2://postgres:****@localhost:5432/profin_db
2025-11-03 15:57:09 - profin - INFO - Conectando ao banco: postgresql+psycopg2://postgres:****@localhost:5432/profin_db
2025-11-03 15:57:10 - profin - INFO - Conectando ao banco: postgresql+psycopg2://postgres:****@localhost:5432/profin_db
2025-11-03 15:57:11 - profin - INFO - Conectando ao banco: postgresql+psycopg2://postgres:****@localhost:5432/profin_db
2025-11-03 15:57:13 - profin - INFO - Conectando ao banco: postgresql+psycopg2://postgres:****@localhost:5432/profin_db
2025-11-03 15:57:14 - profin - INFO - Conectando ao banco: postgresql+psycopg2://postgres:****@localhost:5432/profin_db
2025-11-03 15:57:15 - profin - INFO - Conectando ao banco: postgresql+psycopg2://postgres:****@localhost:5432/profin_db
2025-11-03 15:57:20 - profin - INFO - Conectando ao banco: postgresql+psycopg2://postgres:****@localhost:5432/profin_db
2025-11-03 15:57:23 - profin - INFO - Conectando ao banco: postgresql+psycopg2://postgres:****@localhost:5432/profin_db
2025-11-03 15:57:34 - profin - INFO - Conectando ao banco: postgresql+psycopg2://postgres:****@localhost:5432/profin_db
2025-11-03 15:57:59 - profin - INFO - Conectando ao banco: postgresql+psycopg2://postgres:****@localhost:5432/profin_db
2025-11-03 15:59:58 - profin - INFO - Conectando ao banco: postgresql+psycopg2://postgres:****@localhost:5432/profin_db
2025-11-03 15:59:59 - profin.scheduler - INFO - Scheduler iniciado com jobs: [<Job (id=d320a5e41cd643b296099573bc4639df name=arquivar_anos_automaticamente)>, <Job (id=9cd7e689970f4194b5cf2f57cea42efb name=limpar_anos_antigos)>]
2025-11-03 15:59:59 - profin - INFO - Aplicação iniciada — scheduler ativo.
2025-11-03 16:01:51 - profin.scheduler - INFO - Scheduler parado
2025-11-03 16:01:51 - profin - INFO - Aplicação encerrando — scheduler parado.
2025-11-03 16:01:53 - profin - INFO - Conectando ao banco: postgresql+psycopg2://postgres:****@localhost:5432/profin_db
2025-11-03 16:01:53 - profin.scheduler - INFO - Scheduler iniciado com jobs: [<Job (id=edc24a82bd2143eb9757d61cf13b5953 name=arquivar_anos_automaticamente)>, <Job (id=f9299dd05cab45acb02ec57845d2da26 name=limpar_anos_antigos)>]
2025-11-03 16:01:53 - profin - INFO - Aplicação iniciada — scheduler ativo.
2025-11-03 16:01:53 - profin.scheduler - INFO - Scheduler parado
2025-11-03 16:01:53 - profin - INFO - Aplicação encerrando — scheduler parado.
2025-11-03 16:01:54 - profin - INFO - Conectando ao banco: postgresql+psycopg2://postgres:****@localhost:5432/profin_db
2025-11-03 16:01:55 - profin.scheduler - INFO - Scheduler iniciado com jobs: [<Job (id=8e1effb66d3b442a83ae7d2543855673 name=arquivar_anos_automaticamente)>, <Job (id=8a2b65c3e49b45c79bc3f0998ce9ff62 name=limpar_anos_antigos)>]
2025-11-03 16:01:55 - profin - INFO - Aplicação iniciada — scheduler ativo.
2025-11-03 16:02:09 - profin.scheduler - INFO - Scheduler parado
2025-11-03 16:02:09 - profin - INFO - Aplicação encerrando — scheduler parado.
2025-11-03 16:02:10 - profin - INFO - Conectando ao banco: postgresql+psycopg2://postgres:****@localhost:5432/profin_db
2025-11-03 16:02:11 - profin - INFO - Conectando ao banco: postgresql+psycopg2://postgres:****@localhost:5432/profin_db
2025-11-03 16:02:19 - profin - INFO - Conectando ao banco: postgresql+psycopg2://postgres:****@localhost:5432/profin_db
2025-11-03 16:02:19 - profin.scheduler - INFO - Scheduler iniciado com jobs: [<Job (id=0032ddacb732438292a89179777c9a41 name=arquivar_anos_automaticamente)>, <Job (id=00c89af3cf1b4cd3a4cd439f01d752b0 name=limpar_anos_antigos)>]
2025-11-03 16:02:19 - profin - INFO - Aplicação iniciada — scheduler ativo.
2025-11-03 16:04:57 - profin.scheduler - INFO - Scheduler parado
2025-11-03 16:04:57 - profin - INFO - Aplicação encerrando — scheduler parado.
2025-11-03 16:04:58 - profin - INFO - Conectando ao banco: postgresql+psycopg2://postgres:****@localhost:5432/profin_db
2025-11-03 16:04:59 - profin.scheduler - INFO - Scheduler iniciado com jobs: [<Job (id=34a715c81c334128a7d5fdad180e49b4 name=arquivar_anos_automaticamente)>, <Job (id=4e896145c42c4b6893b55a3109d65a92 name=limpar_anos_antigos)>]
2025-11-03 16:04:59 - profin - INFO - Aplicação iniciada — scheduler ativo.
2025-11-03 16:07:50 - profin.scheduler - INFO - Scheduler parado
2025-11-03 16:07:50 - profin - INFO - Aplicação encerrando — scheduler parado.
2025-11-03 16:07:52 - profin - INFO - Conectando ao banco: postgresql+psycopg2://postgres:****@localhost:5432/profin_db
2025-11-03 16:07:53 - profin.scheduler - INFO - Scheduler iniciado com jobs: [<Job (id=4ea57640056f411f81b5428ecee7812a name=arquivar_anos_automaticamente)>, <Job (id=ffcc51e896994c0684461e129ba304cf name=limpar_anos_antigos)>]
2025-11-03 16:07:53 - profin - INFO - Aplicação iniciada — scheduler ativo.
2025-11-03 16:17:51 - profin.scheduler - INFO - Scheduler parado
2025-11-03 16:17:51 - profin - INFO - Aplicação encerrando — scheduler parado.
2025-11-03 16:17:53 - profin - INFO - Conectando ao banco: postgresql+psycopg2://postgres:****@localhost:5432/profin_db
2025-11-03 16:17:54 - profin.scheduler - INFO - Scheduler iniciado com jobs: [<Job (id=de382d6fae1e4e499a4a70e24398e896 name=arquivar_anos_automaticamente)>, <Job (id=7f1f1ffdbe954905b6b61ef625716712 name=limpar_anos_antigos)>]
2025-11-03 16:17:54 - profin - INFO - Aplicação iniciada — scheduler ativo.
2025-11-03 16:55:00 - profin - INFO - ============================================================
2025-11-03 16:55:00 - profin - INFO - UPLOAD PARA ANO LETIVO: 2028 (Status: ATIVO)
2025-11-03 16:55:00 - profin - INFO - ============================================================
2025-11-03 16:55:01 - profin - INFO - Arquivo: teste.xlsx
2025-11-03 16:55:01 - profin - INFO - Total de linhas: 318
2025-11-03 16:55:01 - profin - INFO - 🗑️ 1 upload(s) anterior(es) do ano letivo removido(s)
2025-11-03 16:55:01 - profin - INFO - Upload registrado com ID: 12
2025-11-03 16:55:01 - profin - INFO - ============================================================
2025-11-03 16:55:01 - profin - INFO - ✅ UPLOAD CONCLUÍDO
2025-11-03 16:55:01 - profin - INFO - Ano letivo: 2028
2025-11-03 16:55:01 - profin - INFO - Escolas salvas: 318
2025-11-03 16:55:01 - profin - INFO - Confirmadas no banco: 318
2025-11-03 16:55:01 - profin - WARNING - Sem erros
2025-11-03 16:55:01 - profin - INFO - ============================================================
2025-11-03 16:57:11 - profin - INFO - ============================================================
2025-11-03 16:57:11 - profin - INFO - UPLOAD PARA ANO LETIVO: 2028 (Status: ATIVO)
2025-11-03 16:57:11 - profin - INFO - ============================================================
2025-11-03 16:57:11 - profin - INFO - Arquivo: teste.xlsx
2025-11-03 16:57:11 - profin - INFO - Total de linhas: 318
2025-11-03 16:57:11 - profin - INFO - 🗑️ 1 upload(s) anterior(es) do ano letivo removido(s)
2025-11-03 16:57:11 - profin - INFO - Upload registrado com ID: 13
2025-11-03 16:57:11 - profin - INFO - ============================================================
2025-11-03 16:57:11 - profin - INFO - ✅ UPLOAD CONCLUÍDO
2025-11-03 16:57:11 - profin - INFO - Ano letivo: 2028
2025-11-03 16:57:11 - profin - INFO - Escolas salvas: 318
2025-11-03 16:57:11 - profin - INFO - Confirmadas no banco: 318
2025-11-03 16:57:11 - profin - WARNING - Sem erros
2025-11-03 16:57:11 - profin - INFO - ============================================================
2025-11-03 17:12:56 - profin.scheduler - INFO - Scheduler parado
2025-11-03 17:12:56 - profin - INFO - Aplicação encerrando — scheduler parado.
2025-11-03 17:13:01 - profin - INFO - Conectando ao banco: postgresql+psycopg2://postgres:****@localhost:5432/profin_db
2025-11-03 17:13:02 - profin.scheduler - INFO - Scheduler iniciado com jobs: [<Job (id=775ddb83dbc0444fab3f42997695189b name=arquivar_anos_automaticamente)>, <Job (id=feba914682164a13b58bf68c4510b9a8 name=limpar_anos_antigos)>]
2025-11-03 17:13:02 - profin - INFO - Aplicação iniciada — scheduler ativo.
2025-11-03 17:23:18 - profin - INFO - ============================================================
2025-11-03 17:23:18 - profin - INFO - UPLOAD PARA ANO LETIVO: 2025 (Status: ATIVO)
2025-11-03 17:23:18 - profin - INFO - ============================================================
2025-11-03 17:23:19 - profin - INFO - Arquivo: teste - 2025.xlsx
2025-11-03 17:23:19 - profin - INFO - Total de linhas: 318
2025-11-03 17:23:19 - profin - INFO - Upload registrado com ID: 1
2025-11-03 17:23:19 - profin - INFO - ============================================================
2025-11-03 17:23:19 - profin - INFO - ✅ UPLOAD CONCLUÍDO
2025-11-03 17:23:19 - profin - INFO - Ano letivo: 2025
2025-11-03 17:23:19 - profin - INFO - Escolas salvas: 318
2025-11-03 17:23:19 - profin - INFO - Confirmadas no banco: 318
2025-11-03 17:23:19 - profin - WARNING - Sem erros
2025-11-03 17:23:19 - profin - INFO - ============================================================
2025-11-03 17:25:31 - profin - INFO - ============================================================
2025-11-03 17:25:31 - profin - INFO - UPLOAD PARA ANO LETIVO: 2026 (Status: ATIVO)
2025-11-03 17:25:31 - profin - INFO - ============================================================
2025-11-03 17:25:31 - profin - INFO - Arquivo: teste - 2026.xlsx
2025-11-03 17:25:31 - profin - INFO - Total de linhas: 318
2025-11-03 17:25:31 - profin - INFO - Upload registrado com ID: 2
2025-11-03 17:25:31 - profin - INFO - ============================================================
2025-11-03 17:25:31 - profin - INFO - ✅ UPLOAD CONCLUÍDO
2025-11-03 17:25:31 - profin - INFO - Ano letivo: 2026
2025-11-03 17:25:31 - profin - INFO - Escolas salvas: 318
2025-11-03 17:25:31 - profin - INFO - Confirmadas no banco: 318
2025-11-03 17:25:31 - profin - WARNING - Sem erros
2025-11-03 17:25:31 - profin - INFO - ============================================================
2025-11-03 17:27:22 - profin - INFO - ============================================================
2025-11-03 17:27:22 - profin - INFO - UPLOAD PARA ANO LETIVO: 2026 (Status: ATIVO)
2025-11-03 17:27:22 - profin - INFO - ============================================================
2025-11-03 17:27:22 - profin - INFO - Arquivo: teste - 2026.xlsx
2025-11-03 17:27:22 - profin - INFO - Total de linhas: 318
2025-11-03 17:27:22 - profin - INFO - 🗑️ 1 upload(s) anterior(es) do ano letivo removido(s)
2025-11-03 17:27:22 - profin - INFO - Upload registrado com ID: 3
2025-11-03 17:27:22 - profin - INFO - ============================================================
2025-11-03 17:27:22 - profin - INFO - ✅ UPLOAD CONCLUÍDO
2025-11-03 17:27:22 - profin - INFO - Ano letivo: 2026
2025-11-03 17:27:22 - profin - INFO - Escolas salvas: 318
2025-11-03 17:27:22 - profin - INFO - Confirmadas no banco: 318
2025-11-03 17:27:22 - profin - WARNING - Sem erros
2025-11-03 17:27:22 - profin - INFO - ============================================================
